2025-03-04T15:19:10.266-05:00 DEBUG 42228 --- [safetynet-alerts] [restartedMain] o.s.w.f.ServerHttpObservationFilter      : Filter 'webMvcObservationFilter' configured for use
2025-03-04T15:19:10.297-05:00 DEBUG 42228 --- [safetynet-alerts] [restartedMain] s.w.s.m.m.a.RequestMappingHandlerMapping : 4 mappings in 'requestMappingHandlerMapping'
2025-03-04T15:19:10.328-05:00 DEBUG 42228 --- [safetynet-alerts] [restartedMain] o.s.w.s.h.SimpleUrlHandlerMapping        : Patterns [/webjars/**, /**] in 'resourceHandlerMapping'
2025-03-04T15:19:10.336-05:00 DEBUG 42228 --- [safetynet-alerts] [restartedMain] s.w.s.m.m.a.RequestMappingHandlerAdapter : ControllerAdvice beans: 0 @ModelAttribute, 0 @InitBinder, 1 RequestBodyAdvice, 1 ResponseBodyAdvice
2025-03-04T15:19:10.342-05:00 DEBUG 42228 --- [safetynet-alerts] [restartedMain] .m.m.a.ExceptionHandlerExceptionResolver : ControllerAdvice beans: 0 @ExceptionHandler, 1 ResponseBodyAdvice
2025-03-04T15:21:04.071-05:00 DEBUG 35892 --- [safetynet-alerts] [restartedMain] o.s.w.f.ServerHttpObservationFilter      : Filter 'webMvcObservationFilter' configured for use
2025-03-04T15:21:04.327-05:00 DEBUG 35892 --- [safetynet-alerts] [restartedMain] s.w.s.m.m.a.RequestMappingHandlerMapping : 4 mappings in 'requestMappingHandlerMapping'
2025-03-04T15:21:04.432-05:00 DEBUG 35892 --- [safetynet-alerts] [restartedMain] o.s.w.s.h.SimpleUrlHandlerMapping        : Patterns [/webjars/**, /**] in 'resourceHandlerMapping'
2025-03-04T15:21:04.480-05:00 DEBUG 35892 --- [safetynet-alerts] [restartedMain] s.w.s.m.m.a.RequestMappingHandlerAdapter : ControllerAdvice beans: 0 @ModelAttribute, 0 @InitBinder, 1 RequestBodyAdvice, 1 ResponseBodyAdvice
2025-03-04T15:21:04.553-05:00 DEBUG 35892 --- [safetynet-alerts] [restartedMain] .m.m.a.ExceptionHandlerExceptionResolver : ControllerAdvice beans: 0 @ExceptionHandler, 1 ResponseBodyAdvice
2025-03-04T15:22:21.426-05:00  INFO 35892 --- [safetynet-alerts] [http-nio-8080-exec-1] o.s.w.s.DispatcherServlet                : Initializing Servlet 'dispatcherServlet'
2025-03-04T15:22:21.428-05:00 DEBUG 35892 --- [safetynet-alerts] [http-nio-8080-exec-1] o.s.w.s.DispatcherServlet                : Detected StandardServletMultipartResolver
2025-03-04T15:22:21.430-05:00 DEBUG 35892 --- [safetynet-alerts] [http-nio-8080-exec-1] o.s.w.s.DispatcherServlet                : Detected AcceptHeaderLocaleResolver
2025-03-04T15:22:21.430-05:00 DEBUG 35892 --- [safetynet-alerts] [http-nio-8080-exec-1] o.s.w.s.DispatcherServlet                : Detected FixedThemeResolver
2025-03-04T15:22:21.434-05:00 DEBUG 35892 --- [safetynet-alerts] [http-nio-8080-exec-1] o.s.w.s.DispatcherServlet                : Detected org.springframework.web.servlet.view.DefaultRequestToViewNameTranslator@5ca6dde0
2025-03-04T15:22:21.437-05:00 DEBUG 35892 --- [safetynet-alerts] [http-nio-8080-exec-1] o.s.w.s.DispatcherServlet                : Detected org.springframework.web.servlet.support.SessionFlashMapManager@7ba6915f
2025-03-04T15:22:21.438-05:00 DEBUG 35892 --- [safetynet-alerts] [http-nio-8080-exec-1] o.s.w.s.DispatcherServlet                : enableLoggingRequestDetails='false': request parameters and headers will be masked to prevent unsafe logging of potentially sensitive data
2025-03-04T15:22:21.442-05:00  INFO 35892 --- [safetynet-alerts] [http-nio-8080-exec-1] o.s.w.s.DispatcherServlet                : Completed initialization in 11 ms
2025-03-04T15:22:21.512-05:00 DEBUG 35892 --- [safetynet-alerts] [http-nio-8080-exec-1] o.s.w.s.DispatcherServlet                : GET "/log", parameters={}
2025-03-04T15:22:21.556-05:00 DEBUG 35892 --- [safetynet-alerts] [http-nio-8080-exec-1] o.s.w.s.h.SimpleUrlHandlerMapping        : Mapped to ResourceHttpRequestHandler [classpath [META-INF/resources/], classpath [resources/], classpath [static/], classpath [public/], ServletContext [/]]
2025-03-04T15:22:21.566-05:00 DEBUG 35892 --- [safetynet-alerts] [http-nio-8080-exec-1] o.s.w.s.r.ResourceHttpRequestHandler     : Resource not found
2025-03-04T15:22:21.583-05:00 DEBUG 35892 --- [safetynet-alerts] [http-nio-8080-exec-1] .w.s.m.s.DefaultHandlerExceptionResolver : Resolved [org.springframework.web.servlet.resource.NoResourceFoundException: No static resource log.]
2025-03-04T15:22:21.586-05:00 DEBUG 35892 --- [safetynet-alerts] [http-nio-8080-exec-1] o.s.w.s.DispatcherServlet                : Completed 404 NOT_FOUND
2025-03-04T15:22:21.632-05:00 DEBUG 35892 --- [safetynet-alerts] [http-nio-8080-exec-1] o.s.w.s.DispatcherServlet                : "ERROR" dispatch for GET "/error", parameters={}
2025-03-04T15:22:21.642-05:00 DEBUG 35892 --- [safetynet-alerts] [http-nio-8080-exec-1] s.w.s.m.m.a.RequestMappingHandlerMapping : Mapped to org.springframework.boot.autoconfigure.web.servlet.error.BasicErrorController#errorHtml(HttpServletRequest, HttpServletResponse)
2025-03-04T15:22:21.738-05:00 DEBUG 35892 --- [safetynet-alerts] [http-nio-8080-exec-1] o.s.w.s.v.ContentNegotiatingViewResolver : Selected 'text/html' given [text/html, text/html;q=0.8]
2025-03-04T15:22:21.758-05:00 DEBUG 35892 --- [safetynet-alerts] [http-nio-8080-exec-1] o.s.w.s.DispatcherServlet                : Exiting from "ERROR" dispatch, status 404
